<?xml version="1.0"?>
<!DOCTYPE coverage SYSTEM "http://cobertura.sourceforge.net/xml/coverage-04.dtd">

<coverage line-rate="0.75" branch-rate="0.625" lines-covered="9" lines-valid="12" branches-covered="5" branches-valid="8" complexity="2.3333333333333335" version="2.1.1" timestamp="1525856086903">
	<sources>
		<source>--source</source>
		<source>/home/krutika/Documents/AWS Services/Jacoco-Maven-Example/src/main/java</source>
		<source>/home/krutika/Documents/AWS Services/Jacoco-Maven-Example/target/generated-sources/annotations</source>
	</sources>
	<packages>
		<package name="com.test.Jacoco_Maven_Example" line-rate="0.75" branch-rate="0.625" complexity="2.3333333333333335">
			<classes>
				<class name="com.test.Jacoco_Maven_Example.IPalindromeExample" filename="com/test/Jacoco_Maven_Example/IPalindromeExample.java" line-rate="1.0" branch-rate="1.0" complexity="1.0">
					<methods>
					</methods>
					<lines>
					</lines>
				</class>
				<class name="com.test.Jacoco_Maven_Example.PalindromeExample" filename="com/test/Jacoco_Maven_Example/PalindromeExample.java" line-rate="0.75" branch-rate="0.625" complexity="3.0">
					<methods>
						<method name="&lt;init&gt;" signature="()V" line-rate="1.0" branch-rate="1.0" complexity="0">
							<lines>
								<line number="3" hits="4" branch="false"/>
							</lines>
						</method>
						<method name="isPalindrome" signature="(Ljava/lang/String;)Z" line-rate="1.0" branch-rate="0.8333333333333334" complexity="0">
							<lines>
								<line number="6" hits="8" branch="true" condition-coverage="100% (2/2)">
									<conditions>
										<condition number="0" type="jump" coverage="100%"/>
									</conditions>
								</line>
								<line number="7" hits="3" branch="false"/>
								<line number="8" hits="3" branch="false"/>
								<line number="10" hits="5" branch="false"/>
								<line number="11" hits="5" branch="false"/>
								<line number="12" hits="5" branch="false"/>
								<line number="13" hits="5" branch="false"/>
								<line number="14" hits="5" branch="true" condition-coverage="75% (3/4)">
									<conditions>
										<condition number="0" type="jump" coverage="100%"/>
										<condition number="1" type="jump" coverage="50%"/>
									</conditions>
								</line>
							</lines>
						</method>
						<method name="lengthof" signature="(Ljava/lang/String;)V" line-rate="0.0" branch-rate="0.0" complexity="0">
							<lines>
								<line number="19" hits="0" branch="true" condition-coverage="0% (0/2)">
									<conditions>
										<condition number="0" type="jump" coverage="0%"/>
									</conditions>
								</line>
								<line number="20" hits="0" branch="false"/>
								<line number="22" hits="0" branch="false"/>
							</lines>
						</method>
					</methods>
					<lines>
						<line number="3" hits="4" branch="false"/>
						<line number="6" hits="8" branch="true" condition-coverage="100% (2/2)">
							<conditions>
								<condition number="0" type="jump" coverage="100%"/>
							</conditions>
						</line>
						<line number="7" hits="3" branch="false"/>
						<line number="8" hits="3" branch="false"/>
						<line number="10" hits="5" branch="false"/>
						<line number="11" hits="5" branch="false"/>
						<line number="12" hits="5" branch="false"/>
						<line number="13" hits="5" branch="false"/>
						<line number="14" hits="5" branch="true" condition-coverage="75% (3/4)">
							<conditions>
								<condition number="0" type="jump" coverage="100%"/>
								<condition number="1" type="jump" coverage="50%"/>
							</conditions>
						</line>
						<line number="19" hits="0" branch="true" condition-coverage="0% (0/2)">
							<conditions>
								<condition number="0" type="jump" coverage="0%"/>
							</conditions>
						</line>
						<line number="20" hits="0" branch="false"/>
						<line number="22" hits="0" branch="false"/>
					</lines>
				</class>
			</classes>
		</package>
	</packages>
</coverage>
